[Licensing::Module] Trying to connect to existing licensing client channel...
Built from '6000.2/staging' branch; Version is '6000.2.6f1 (cc51a95c0300) revision 13390249'; Using compiler version '194234433'; Build Type 'Release'
OS: 'Windows 11  (10.0.26200) 64bit Professional' Language: 'en' Physical Memory: 15849 MB
BatchMode: 1, IsHumanControllingUs: 0, StartBugReporterOnCrash: 0, Is64bit: 1
Date: 2025-12-22T03:22:39Z

COMMAND LINE ARGUMENTS:
D:\UnityEditor\6000.2.6f1\Editor\Unity.exe
-adb2
-batchMode
-noUpm
-name
AssetImportWorker28
-projectPath
D:/UnityProject/AircraftWar
-logFile
Logs/AssetImportWorker28.log
-srvPort
53030
-job-worker-count
6
-background-job-worker-count
8
-gc-helper-count
1
-name
AssetImport
Successfully changed project path to: D:/UnityProject/AircraftWar
D:/UnityProject/AircraftWar
[UnityMemory] Configuration Parameters - Can be set up in boot.config
    "memorysetup-allocator-temp-initial-block-size-main=262144"
    "memorysetup-allocator-temp-initial-block-size-worker=262144"
    "memorysetup-bucket-allocator-granularity=16"
    "memorysetup-bucket-allocator-bucket-count=8"
    "memorysetup-bucket-allocator-block-size=33554432"
    "memorysetup-bucket-allocator-block-count=8"
    "memorysetup-main-allocator-block-size=16777216"
    "memorysetup-thread-allocator-block-size=16777216"
    "memorysetup-gfx-main-allocator-block-size=16777216"
    "memorysetup-gfx-thread-allocator-block-size=16777216"
    "memorysetup-cache-allocator-block-size=4194304"
    "memorysetup-typetree-allocator-block-size=2097152"
    "memorysetup-profiler-bucket-allocator-granularity=16"
    "memorysetup-profiler-bucket-allocator-bucket-count=8"
    "memorysetup-profiler-bucket-allocator-block-size=33554432"
    "memorysetup-profiler-bucket-allocator-block-count=8"
    "memorysetup-profiler-allocator-block-size=16777216"
    "memorysetup-profiler-editor-allocator-block-size=1048576"
    "memorysetup-temp-allocator-size-main=16777216"
    "memorysetup-job-temp-allocator-block-size=2097152"
    "memorysetup-job-temp-allocator-block-size-background=1048576"
    "memorysetup-job-temp-allocator-reduction-small-platforms=262144"
    "memorysetup-temp-allocator-size-background-worker=32768"
    "memorysetup-temp-allocator-size-job-worker=262144"
    "memorysetup-temp-allocator-size-preload-manager=33554432"
    "memorysetup-temp-allocator-size-nav-mesh-worker=65536"
    "memorysetup-temp-allocator-size-audio-worker=65536"
    "memorysetup-temp-allocator-size-cloud-worker=32768"
    "memorysetup-temp-allocator-size-gi-baking-worker=262144"
    "memorysetup-temp-allocator-size-gi-baking-worker=262144"
    "memorysetup-temp-allocator-size-gi-baking-worker=262144"
    "memorysetup-temp-allocator-size-gi-baking-worker=262144"
    "memorysetup-temp-allocator-size-gi-baking-worker=262144"
    "memorysetup-temp-allocator-size-gfx=262144"
[Licensing::IpcConnector] Successfully connected to: "LicenseClient-chanmetrey.hem" at "2025-12-22T03:22:39.4926103Z"
Player connection [51628]  Target information:

Player connection [51628]  * "[IP] 10.120.208.57 [Port] 0 [Flags] 2 [Guid] 1720757873 [EditorId] 1720757873 [Version] 1048832 [Id] WindowsEditor(7,B5701-METREY) [Debug] 1 [PackageName] WindowsEditor [ProjectName] Editor" 

Player connection [51628] Host joined multi-casting on [225.0.0.222:54997]...
Player connection [51628] Host joined alternative multi-casting on [225.0.0.222:34997]...
JobSystem: Creating JobQueue using job-worker-count value 6
Input System module state changed to: Initialized.
[Physics::Module] Initialized fallback backend.
[Physics::Module] Id: 0xdecafbad
Library Redirect Path: Library/
[Licensing::Client] Code 10 while verifying Licensing Client signature (process Id: 48316, path: "C:/Program Files/Unity Hub/UnityLicensingClient_V1/Unity.Licensing.Client.exe")
[Licensing::Module] LicensingClient has failed validation; ignoring
[Licensing::Client] Error: HandshakeResponse reported an error:
	ResponseCode: 505
	ResponseStatus: Unsupported protocol version '1.17.2'.
[Licensing::Module] Error: Failed to handshake to channel: "LicenseClient-chanmetrey.hem"
[Licensing::IpcConnector] LicenseClient-chanmetrey.hem channel disconnected successfully.
[Licensing::IpcConnector] Successfully connected to: "LicenseClient-chanmetrey.hem-6000.2.6" at "2025-12-22T03:22:40.6656221Z"
[Licensing::Client] Code 10 while verifying Licensing Client signature (process Id: 48808, path: "D:/UnityEditor/6000.2.6f1/Editor/Data/Resources/Licensing/Client/Unity.Licensing.Client.exe")
[Licensing::Module] LicensingClient has failed validation; ignoring
[Licensing::Client] Handshaking with LicensingClient:
  Version:                 1.17.2+ff71f16
  Session Id:              bdc5534edf614fa7adfc7823eff7d62e
  Correlation Id:          98b64ca9ddaff10f102820ce5240738a
  External correlation Id: 5698174499088030496
  Machine Id:              39/wTax1GNoKjH6tbkpiRAY7RsQ=
[Licensing::Module] Successfully connected to LicensingClient on channel: "LicenseClient-chanmetrey.hem-6000.2.6" (connect: 0.00s, validation: 0.10s, handshake: 0.14s)
[Licensing::IpcConnector] Successfully connected to: "LicenseClient-chanmetrey.hem-6000.2.6-notifications" at "2025-12-22T03:22:40.9095687Z"
[Licensing::Module] Licensing Background thread has ended after 1.48s
[Physics::Module] Selected backend.
[Physics::Module] Name: PhysX
[Physics::Module] Id: 0xf2b8ea05
[Physics::Module] SDK Version: 4.1.2
[Physics::Module] Integration Version: 1.0.0
[Physics::Module] Threading Mode: Multi-Threaded
Refreshing native plugins compatible for Editor in 114.35 ms, found 3 plugins.
Preloading 0 native plugins for Editor in 0.00 ms.
Initialize engine version: 6000.2.6f1 (cc51a95c0300)
[Subsystems] Discovering subsystems at path D:/UnityEditor/6000.2.6f1/Editor/Data/Resources/UnitySubsystems
[Subsystems] Discovering subsystems at path D:/UnityProject/AircraftWar/Assets
GfxDevice: creating device client; kGfxThreadingModeNonThreaded
d3d12: failed to query info queue interface (0x80004002).
Direct3D:
    Version:         Direct3D 12 [level 12.1]
    Renderer:        Intel(R) Graphics (ID=0x7d45)
    Vendor:          Intel
    VRAM:            9034 MB
    App VRAM Budget: 8326 MB
    Driver:          32.0.101.7026
    Unified Memory Architecture
Initialize mono
Mono path[0] = 'D:/UnityEditor/6000.2.6f1/Editor/Data/Managed'
Mono path[1] = 'D:/UnityEditor/6000.2.6f1/Editor/Data/MonoBleedingEdge/lib/mono/unityjit-win32'
Mono config path = 'D:/UnityEditor/6000.2.6f1/Editor/Data/MonoBleedingEdge/etc'
Using monoOptions --debugger-agent=transport=dt_socket,embedding=1,server=y,suspend=n,address=127.0.0.1:56264
Begin MonoManager ReloadAssembly
Registering precompiled unity dll's ...
Register platform support module: D:/UnityEditor/6000.2.6f1/Editor/Data/PlaybackEngines/WebGLSupport/UnityEditor.WebGL.Extensions.dll
Register platform support module: D:/UnityEditor/6000.2.6f1/Editor/Data/PlaybackEngines/WindowsStandaloneSupport/UnityEditor.WindowsStandalone.Extensions.dll
[Licensing::Client] Successfully resolved entitlement details
[Licensing::Module] License group:
  Id: 18968334084057-UnityPersXXXX
  Product: Unity Personal
  Type: Assigned
  Expiration: Unlimited
Register platform support module: D:/UnityEditor/6000.2.6f1/Editor/Data/PlaybackEngines/AndroidPlayer/UnityEditor.Android.Extensions.dll
[Licensing::Client] Successfully resolved entitlement details
Register platform support module: D:/UnityEditor/6000.2.6f1/Editor/Data/PlaybackEngines/iOSSupport/UnityEditor.iOS.Extensions.dll
Registered in 0.231507 seconds.
- Loaded All Assemblies, in  3.659 seconds
[usbmuxd] Start listen thread
[usbmuxd] Listen thread started
Native extension for iOS target not found
Native extension for Android target not found
Android Extension - Scanning For ADB Devices 3421 ms
Native extension for WindowsStandalone target not found
Native extension for WebGL target not found
Mono: successfully reloaded assembly
- Finished resetting the current domain, in  6.082 seconds
Domain Reload Profiling: 9740ms
	BeginReloadAssembly (1549ms)
		ExecutionOrderSort (0ms)
		DisableScriptedObjects (0ms)
		BackupInstance (0ms)
		ReleaseScriptingObjects (0ms)
		CreateAndSetChildDomain (17ms)
	RebuildCommonClasses (200ms)
	RebuildNativeTypeToScriptingClass (58ms)
	initialDomainReloadingComplete (601ms)
	LoadAllAssembliesAndSetupDomain (1248ms)
		LoadAssemblies (1573ms)
		RebuildTransferFunctionScriptingTraits (0ms)
		AnalyzeDomain (1141ms)
			TypeCache.Refresh (1133ms)
				TypeCache.ScanAssembly (1007ms)
			BuildScriptInfoCaches (1ms)
			ResolveRequiredComponents (3ms)
	FinalizeReload (6084ms)
		ReleaseScriptCaches (0ms)
		RebuildScriptCaches (0ms)
		SetupLoadedEditorAssemblies (5787ms)
			LogAssemblyErrors (0ms)
			InitializePlatformSupportModulesInManaged (4347ms)
			SetLoadedEditorAssemblies (22ms)
			BeforeProcessingInitializeOnLoad (332ms)
			ProcessInitializeOnLoadAttributes (739ms)
			ProcessInitializeOnLoadMethodAttributes (346ms)
			AfterProcessingInitializeOnLoad (0ms)
			EditorAssembliesLoaded (0ms)
		ExecutionOrderSort2 (0ms)
		AwakeInstancesAfterBackupRestoration (0ms)
========================================================================
Worker process is ready to serve import requests
Import Worker Mode flag is 0x00
Begin MonoManager ReloadAssembly
[Licensing::Client] Successfully resolved entitlement details
- Loaded All Assemblies, in  8.424 seconds
Refreshing native plugins compatible for Editor in 50.62 ms, found 3 plugins.
Native extension for iOS target not found
Native extension for Android target not found
Native extension for WindowsStandalone target not found
Native extension for WebGL target not found
Package Manager log level set to [2]
[Package Manager] Failed to launch server process. Reason: Unity was launched with the -noUpm command-line argument
[Package Manager] Unable to send message (not connected to server process).
[Package Manager] Cannot connect to Unity Package Manager local server
Mono: successfully reloaded assembly
- Finished resetting the current domain, in  6.038 seconds
Domain Reload Profiling: 14435ms
	BeginReloadAssembly (1664ms)
		ExecutionOrderSort (0ms)
		DisableScriptedObjects (29ms)
		BackupInstance (0ms)
		ReleaseScriptingObjects (0ms)
		CreateAndSetChildDomain (315ms)
	RebuildCommonClasses (294ms)
	RebuildNativeTypeToScriptingClass (80ms)
	initialDomainReloadingComplete (624ms)
	LoadAllAssembliesAndSetupDomain (5734ms)
		LoadAssemblies (3716ms)
		RebuildTransferFunctionScriptingTraits (0ms)
		AnalyzeDomain (2827ms)
			TypeCache.Refresh (2350ms)
				TypeCache.ScanAssembly (2173ms)
			BuildScriptInfoCaches (371ms)
			ResolveRequiredComponents (85ms)
	FinalizeReload (6040ms)
		ReleaseScriptCaches (0ms)
		RebuildScriptCaches (0ms)
		SetupLoadedEditorAssemblies (3453ms)
			LogAssemblyErrors (0ms)
			InitializePlatformSupportModulesInManaged (281ms)
			SetLoadedEditorAssemblies (44ms)
			BeforeProcessingInitializeOnLoad (565ms)
			ProcessInitializeOnLoadAttributes (2185ms)
			ProcessInitializeOnLoadMethodAttributes (361ms)
			AfterProcessingInitializeOnLoad (16ms)
			EditorAssembliesLoaded (1ms)
		ExecutionOrderSort2 (0ms)
		AwakeInstancesAfterBackupRestoration (67ms)
Launched and connected shader compiler UnityShaderCompiler.exe after 0.10 seconds
Refreshing native plugins compatible for Editor in 6.84 ms, found 3 plugins.
Preloading 0 native plugins for Editor in 0.00 ms.
Unloading 13 Unused Serialized files (Serialized files now loaded: 0)
Unloading 6168 unused Assets / (5.7 MB). Loaded Objects now: 6885.
Memory consumption went from 139.6 MB to 133.9 MB.
Total: 37.398800 ms (FindLiveObjects: 6.347800 ms CreateObjectMapping: 1.395400 ms MarkObjects: 18.419100 ms  DeleteObjects: 11.228400 ms)

========================================================================
Received Import Request.
  Time since last request: 527286.191213 seconds.
  path: Assets/Cartoon_Tank_Free/CTF_Prefabs/TankFree_Green.prefab
  artifactKey: Guid(997823ade0e2fc249a876fa159f69cc3) Importer(815301076,1909f56bfc062723c751e8b465ee728b)
Start importing Assets/Cartoon_Tank_Free/CTF_Prefabs/TankFree_Green.prefab using Guid(997823ade0e2fc249a876fa159f69cc3) Importer(815301076,1909f56bfc062723c751e8b465ee728b) (PreviewImporter) -> (artifact id: 'fb66dffbc2256252cd3643e64f9e96c2') in 11.7159734 seconds
Number of updated asset objects reloaded before import = 0Number of asset objects unloaded after import = 42

========================================================================
Received Import Request.
  Time since last request: 0.000133 seconds.
  path: Assets/Cartoon_Tank_Free/CTF_Prefabs/TankFree_Yel.prefab
  artifactKey: Guid(ae98f3b2f9fb19e4dba07742ad8d6f4d) Importer(815301076,1909f56bfc062723c751e8b465ee728b)
Start importing Assets/Cartoon_Tank_Free/CTF_Prefabs/TankFree_Yel.prefab using Guid(ae98f3b2f9fb19e4dba07742ad8d6f4d) Importer(815301076,1909f56bfc062723c751e8b465ee728b) (PreviewImporter) -> (artifact id: '5df62619043ec4a045f97b97ce6fba7f') in 0.1191701 seconds
Number of updated asset objects reloaded before import = 0Number of asset objects unloaded after import = 42

========================================================================
Received Import Request.
  Time since last request: 0.000062 seconds.
  path: Assets/Cartoon_Tank_Free/CTF_Textures/CTF_Elements/CTF_Elements_Base_Color_B.png
  artifactKey: Guid(6a62cbb42f035534eb6496ef50a6fc76) Importer(2089858483,192608db42251d675da83286b1cce702)
Start importing Assets/Cartoon_Tank_Free/CTF_Textures/CTF_Elements/CTF_Elements_Base_Color_B.png using Guid(6a62cbb42f035534eb6496ef50a6fc76) Importer(2089858483,192608db42251d675da83286b1cce702) (ScriptedImporter)[Licensing::Client] Successfully resolved entitlement details
[Licensing::Client] Successfully resolved entitlement details
 -> (artifact id: '0c26ca9e408133320ad717c083c50a3f') in 0.7987527 seconds
Number of updated asset objects reloaded before import = 0Number of asset objects unloaded after import = 1

========================================================================
Received Import Request.
  Time since last request: 0.000122 seconds.
  path: Assets/Cartoon_Tank_Free/CTF_Prefabs/СTF_Mine_Yel.prefab
  artifactKey: Guid(f3bbfc0d1c203084e948803d71c586b5) Importer(815301076,1909f56bfc062723c751e8b465ee728b)
Start importing Assets/Cartoon_Tank_Free/CTF_Prefabs/СTF_Mine_Yel.prefab using Guid(f3bbfc0d1c203084e948803d71c586b5) Importer(815301076,1909f56bfc062723c751e8b465ee728b) (PreviewImporter) -> (artifact id: 'a57d198d80a993ed56957eaa4e4696cd') in 8.8824728 seconds
Number of updated asset objects reloaded before import = 0Number of asset objects unloaded after import = 11

========================================================================
Received Import Request.
  Time since last request: 0.000152 seconds.
  path: Assets/Cartoon_Tank_Free/CTF_Textures/CTF_Platform/CTF_Platform_Mixed_AO.png
  artifactKey: Guid(9c2f269901f2a174188198b7379532a9) Importer(2089858483,192608db42251d675da83286b1cce702)
Start importing Assets/Cartoon_Tank_Free/CTF_Textures/CTF_Platform/CTF_Platform_Mixed_AO.png using Guid(9c2f269901f2a174188198b7379532a9) Importer(2089858483,192608db42251d675da83286b1cce702) (ScriptedImporter) -> (artifact id: 'dfea1644dea2263b7f9543f28302fb9c') in 0.0791783 seconds
Number of updated asset objects reloaded before import = 0Number of asset objects unloaded after import = 1

========================================================================
Received Import Request.
  Time since last request: 0.000068 seconds.
  path: Assets/Cartoon_Tank_Free/CTF_Prefabs/СTF_Box_Cap_Green.prefab
  artifactKey: Guid(73977462fbd842d4e84221bc14cf5828) Importer(2089858483,192608db42251d675da83286b1cce702)
Start importing Assets/Cartoon_Tank_Free/CTF_Prefabs/СTF_Box_Cap_Green.prefab using Guid(73977462fbd842d4e84221bc14cf5828) Importer(2089858483,192608db42251d675da83286b1cce702) (ScriptedImporter) -> (artifact id: 'fe30c1f4b16c5fc1fc409c248a4e0e04') in 0.1955026 seconds
Number of updated asset objects reloaded before import = 0Number of asset objects unloaded after import = 8

========================================================================
Received Import Request.
  Time since last request: 0.000093 seconds.
  path: Assets/Cartoon_Tank_Free/CTF_Materials/CTF_Mat_Platform.mat
  artifactKey: Guid(6fbb381d9e906294dbcfe29b553eb8f0) Importer(2089858483,192608db42251d675da83286b1cce702)
Start importing Assets/Cartoon_Tank_Free/CTF_Materials/CTF_Mat_Platform.mat using Guid(6fbb381d9e906294dbcfe29b553eb8f0) Importer(2089858483,192608db42251d675da83286b1cce702) (ScriptedImporter) -> (artifact id: '4a365e1e08e5e88da17370f420565e79') in 0.1091916 seconds
Number of updated asset objects reloaded before import = 0Number of asset objects unloaded after import = 4

========================================================================
Received Import Request.
  Time since last request: 0.000076 seconds.
  path: Assets/Cartoon_Tank_Free/CTF_3dModel/СTF_TankFree.FBX
  artifactKey: Guid(3d210b2be9d4b9144b53828dfc2e73e3) Importer(2089858483,192608db42251d675da83286b1cce702)
Start importing Assets/Cartoon_Tank_Free/CTF_3dModel/СTF_TankFree.FBX using Guid(3d210b2be9d4b9144b53828dfc2e73e3) Importer(2089858483,192608db42251d675da83286b1cce702) (ScriptedImporter) -> (artifact id: '0370af5685f7f5b2c0bb38727c51d9ca') in 0.2193285 seconds
Number of updated asset objects reloaded before import = 0Number of asset objects unloaded after import = 69

========================================================================
Received Import Request.
  Time since last request: 0.000072 seconds.
  path: Assets/Cartoon_Tank_Free/CTF_Textures/CTF_TankFree/CTF_TankFree_Emission.png
  artifactKey: Guid(842e1df99dbfea64e8b3a908fb50d32f) Importer(2089858483,192608db42251d675da83286b1cce702)
Start importing Assets/Cartoon_Tank_Free/CTF_Textures/CTF_TankFree/CTF_TankFree_Emission.png using Guid(842e1df99dbfea64e8b3a908fb50d32f) Importer(2089858483,192608db42251d675da83286b1cce702) (ScriptedImporter) -> (artifact id: '08df2dc3516be57de8e99ab2e67ef814') in 0.0744338 seconds
Number of updated asset objects reloaded before import = 0Number of asset objects unloaded after import = 1

========================================================================
Received Import Request.
  Time since last request: 0.000109 seconds.
  path: Assets/Cartoon_Tank_Free/CTF_Prefabs/СTF_Mine_Blue.prefab
  artifactKey: Guid(34d950903576761479d237ecf0151495) Importer(815301076,1909f56bfc062723c751e8b465ee728b)
Start importing Assets/Cartoon_Tank_Free/CTF_Prefabs/СTF_Mine_Blue.prefab using Guid(34d950903576761479d237ecf0151495) Importer(815301076,1909f56bfc062723c751e8b465ee728b) (PreviewImporter) -> (artifact id: '8081af17caf512b2dea382cd286d7d5a') in 0.1042405 seconds
Number of updated asset objects reloaded before import = 0Number of asset objects unloaded after import = 11

========================================================================
Received Import Request.
  Time since last request: 0.000256 seconds.
  path: Assets/Cartoon_Tank_Free/CTF_Prefabs/СTF_Platform.prefab
  artifactKey: Guid(3b88aee75b5676f49b77d52a1f4dd2d3) Importer(2089858483,192608db42251d675da83286b1cce702)
Start importing Assets/Cartoon_Tank_Free/CTF_Prefabs/СTF_Platform.prefab using Guid(3b88aee75b5676f49b77d52a1f4dd2d3) Importer(2089858483,192608db42251d675da83286b1cce702) (ScriptedImporter) -> (artifact id: '7edb5177447088c60e3229473e4c2559') in 0.0705937 seconds
Number of updated asset objects reloaded before import = 0Number of asset objects unloaded after import = 8

========================================================================
Received Import Request.
  Time since last request: 0.000077 seconds.
  path: Assets/Cartoon_Tank_Free/CTF_Materials/CTF_Mat_TankFree_Red.mat
  artifactKey: Guid(4bd122cb58a5d8645afd8bf406f31e3f) Importer(2089858483,192608db42251d675da83286b1cce702)
Start importing Assets/Cartoon_Tank_Free/CTF_Materials/CTF_Mat_TankFree_Red.mat using Guid(4bd122cb58a5d8645afd8bf406f31e3f) Importer(2089858483,192608db42251d675da83286b1cce702) (ScriptedImporter) -> (artifact id: 'ec7bf87f7143d81cd62e1f3ddd1ee509') in 0.0851505 seconds
Number of updated asset objects reloaded before import = 0Number of asset objects unloaded after import = 5

========================================================================
Received Import Request.
  Time since last request: 0.000109 seconds.
  path: Assets/Cartoon_Tank_Free/CTF_Prefabs/TankFree_Red.prefab
  artifactKey: Guid(dc84a58afe1344547a230a5cb3c072c8) Importer(2089858483,192608db42251d675da83286b1cce702)
Start importing Assets/Cartoon_Tank_Free/CTF_Prefabs/TankFree_Red.prefab using Guid(dc84a58afe1344547a230a5cb3c072c8) Importer(2089858483,192608db42251d675da83286b1cce702) (ScriptedImporter) -> (artifact id: '3671dbbeebe8eb05eb8061c849d31dd1') in 0.0718818 seconds
Number of updated asset objects reloaded before import = 0Number of asset objects unloaded after import = 38

========================================================================
Received Import Request.
  Time since last request: 0.000066 seconds.
  path: Assets/Cartoon_Tank_Free/CTF_Prefabs/СTF_Mine_Yel.prefab
  artifactKey: Guid(f3bbfc0d1c203084e948803d71c586b5) Importer(2089858483,192608db42251d675da83286b1cce702)
Start importing Assets/Cartoon_Tank_Free/CTF_Prefabs/СTF_Mine_Yel.prefab using Guid(f3bbfc0d1c203084e948803d71c586b5) Importer(2089858483,192608db42251d675da83286b1cce702) (ScriptedImporter) -> (artifact id: '2b801270ed61fd2f05e84eb8eebed956') in 0.0945617 seconds
Number of updated asset objects reloaded before import = 0Number of asset objects unloaded after import = 8

========================================================================
Received Import Request.
  Time since last request: 0.000073 seconds.
  path: Assets/Cartoon_Tank_Free/CTF_Prefabs/СTF_Mine_Red.prefab
  artifactKey: Guid(490f0ac7897da974780edf3173c56f0b) Importer(2089858483,192608db42251d675da83286b1cce702)
Start importing Assets/Cartoon_Tank_Free/CTF_Prefabs/СTF_Mine_Red.prefab using Guid(490f0ac7897da974780edf3173c56f0b) Importer(2089858483,192608db42251d675da83286b1cce702) (ScriptedImporter) -> (artifact id: '1dd29e811e3adb48df79db5463b376d6') in 0.1020492 seconds
Number of updated asset objects reloaded before import = 0Number of asset objects unloaded after import = 8

========================================================================
Received Import Request.
  Time since last request: 0.000084 seconds.
  path: Assets/Cartoon_Tank_Free/CTF_Prefabs/СTF_Box_Blue.prefab
  artifactKey: Guid(49ab7394bf48df74f9a2f51fd9d0c3b6) Importer(815301076,1909f56bfc062723c751e8b465ee728b)
Start importing Assets/Cartoon_Tank_Free/CTF_Prefabs/СTF_Box_Blue.prefab using Guid(49ab7394bf48df74f9a2f51fd9d0c3b6) Importer(815301076,1909f56bfc062723c751e8b465ee728b) (PreviewImporter) -> (artifact id: '604b2220637c1bd5e5e76a5ec4c8091e') in 0.1069637 seconds
Number of updated asset objects reloaded before import = 0Number of asset objects unloaded after import = 11

========================================================================
Received Import Request.
  Time since last request: 0.000160 seconds.
  path: Assets/Cartoon_Tank_Free/CTF_Materials/CTF_Mat_AdElements_Red.mat
  artifactKey: Guid(be2ef26c00fd5ac4fafddd4c30895e64) Importer(2089858483,192608db42251d675da83286b1cce702)
Start importing Assets/Cartoon_Tank_Free/CTF_Materials/CTF_Mat_AdElements_Red.mat using Guid(be2ef26c00fd5ac4fafddd4c30895e64) Importer(2089858483,192608db42251d675da83286b1cce702) (ScriptedImporter) -> (artifact id: '648cfa1f10b1755cc3df44cef6c6aa30') in 0.0844136 seconds
Number of updated asset objects reloaded before import = 0Number of asset objects unloaded after import = 4

========================================================================
Received Import Request.
  Time since last request: 0.000080 seconds.
  path: Assets/Cartoon_Tank_Free/CTF_Textures/CTF_Elements/CTF_Elements_MetallicSmoothness.png
  artifactKey: Guid(94ba6fd0d2801f34c959053fd40c9335) Importer(2089858483,192608db42251d675da83286b1cce702)
Start importing Assets/Cartoon_Tank_Free/CTF_Textures/CTF_Elements/CTF_Elements_MetallicSmoothness.png using Guid(94ba6fd0d2801f34c959053fd40c9335) Importer(2089858483,192608db42251d675da83286b1cce702) (ScriptedImporter) -> (artifact id: '7d28f52cfe7ab77ce75369c88765947a') in 0.0940621 seconds
Number of updated asset objects reloaded before import = 0Number of asset objects unloaded after import = 1

========================================================================
Received Import Request.
  Time since last request: 0.000106 seconds.
  path: Assets/Cartoon_Tank_Free/CTF_Prefabs/СTF_Box_Red.prefab
  artifactKey: Guid(b53c2190eca85cd47aeb3a61670aad48) Importer(815301076,1909f56bfc062723c751e8b465ee728b)
Start importing Assets/Cartoon_Tank_Free/CTF_Prefabs/СTF_Box_Red.prefab using Guid(b53c2190eca85cd47aeb3a61670aad48) Importer(815301076,1909f56bfc062723c751e8b465ee728b) (PreviewImporter) -> (artifact id: '68ba182aafb093d1182813e1cc331819') in 0.0988353 seconds
Number of updated asset objects reloaded before import = 0Number of asset objects unloaded after import = 11

========================================================================
Received Import Request.
  Time since last request: 0.000076 seconds.
  path: Assets/Cartoon_Tank_Free/CTF_Materials/CTF_Mat_TankFree_Yel.mat
  artifactKey: Guid(546738ce5c5f3484bb590ed3d3f696ee) Importer(2089858483,192608db42251d675da83286b1cce702)
Start importing Assets/Cartoon_Tank_Free/CTF_Materials/CTF_Mat_TankFree_Yel.mat using Guid(546738ce5c5f3484bb590ed3d3f696ee) Importer(2089858483,192608db42251d675da83286b1cce702) (ScriptedImporter) -> (artifact id: 'ff6f43e3d03e0178bf5c83e5de9c119c') in 0.0923774 seconds
Number of updated asset objects reloaded before import = 0Number of asset objects unloaded after import = 5

========================================================================
Received Import Request.
  Time since last request: 0.000093 seconds.
  path: Assets/Cartoon_Tank_Free/CTF_Prefabs/TankFree_Yel.prefab
  artifactKey: Guid(ae98f3b2f9fb19e4dba07742ad8d6f4d) Importer(2089858483,192608db42251d675da83286b1cce702)
Start importing Assets/Cartoon_Tank_Free/CTF_Prefabs/TankFree_Yel.prefab using Guid(ae98f3b2f9fb19e4dba07742ad8d6f4d) Importer(2089858483,192608db42251d675da83286b1cce702) (ScriptedImporter) -> (artifact id: '3dce82e8f4b0d316f01c1117daa56e42') in 0.0910363 seconds
Number of updated asset objects reloaded before import = 0Number of asset objects unloaded after import = 38

========================================================================
Received Import Request.
  Time since last request: 0.000068 seconds.
  path: Assets/Scenes/GameScene.unity
  artifactKey: Guid(99c9720ab356a0642a771bea13969a05) Importer(2089858483,192608db42251d675da83286b1cce702)
Start importing Assets/Scenes/GameScene.unity using Guid(99c9720ab356a0642a771bea13969a05) Importer(2089858483,192608db42251d675da83286b1cce702) (ScriptedImporter) -> (artifact id: '182e303b2a80bafd778732e3a7805627') in 0.0595756 seconds
Number of updated asset objects reloaded before import = 0Number of asset objects unloaded after import = 1

========================================================================
Received Import Request.
  Time since last request: 0.000112 seconds.
  path: Assets/Cartoon_Tank_Free/CTF_Prefabs/СTF_Box_Cap_Yel.prefab
  artifactKey: Guid(f1cd8cc0f34b5d84292e642626af1113) Importer(815301076,1909f56bfc062723c751e8b465ee728b)
Start importing Assets/Cartoon_Tank_Free/CTF_Prefabs/СTF_Box_Cap_Yel.prefab using Guid(f1cd8cc0f34b5d84292e642626af1113) Importer(815301076,1909f56bfc062723c751e8b465ee728b) (PreviewImporter) -> (artifact id: '74b4facba0fdeda1c3249873b221bd6e') in 0.1203353 seconds
Number of updated asset objects reloaded before import = 0Number of asset objects unloaded after import = 11

========================================================================
Received Import Request.
  Time since last request: 0.000097 seconds.
  path: Assets/Cartoon_Tank_Free/CTF_Textures/CTF_TankFree/CTF_TankFree_Base_Color_Y.png
  artifactKey: Guid(7b1baffa1629b6544a703d71528da3a5) Importer(2089858483,192608db42251d675da83286b1cce702)
Start importing Assets/Cartoon_Tank_Free/CTF_Textures/CTF_TankFree/CTF_TankFree_Base_Color_Y.png using Guid(7b1baffa1629b6544a703d71528da3a5) Importer(2089858483,192608db42251d675da83286b1cce702) (ScriptedImporter) -> (artifact id: '24adca539a4ecea295bbaaeb0701a9c1') in 0.0854575 seconds
Number of updated asset objects reloaded before import = 0Number of asset objects unloaded after import = 1

========================================================================
Received Import Request.
  Time since last request: 0.000087 seconds.
  path: Assets/Cartoon_Tank_Free/CTF_Prefabs/СTF_Missile_Red.prefab
  artifactKey: Guid(08338119ba0c943449889713a3e36f21) Importer(815301076,1909f56bfc062723c751e8b465ee728b)
Start importing Assets/Cartoon_Tank_Free/CTF_Prefabs/СTF_Missile_Red.prefab using Guid(08338119ba0c943449889713a3e36f21) Importer(815301076,1909f56bfc062723c751e8b465ee728b) (PreviewImporter) -> (artifact id: '5620355bd846c50b488951460288610b') in 0.1119899 seconds
Number of updated asset objects reloaded before import = 0Number of asset objects unloaded after import = 11

========================================================================
Received Import Request.
  Time since last request: 0.000075 seconds.
  path: Assets/Cartoon_Tank_Free/CTF_Prefabs/СTF_Box_Green.prefab
  artifactKey: Guid(1d91a76fc1909bf42b2e2ce0b229ffa2) Importer(815301076,1909f56bfc062723c751e8b465ee728b)
Start importing Assets/Cartoon_Tank_Free/CTF_Prefabs/СTF_Box_Green.prefab using Guid(1d91a76fc1909bf42b2e2ce0b229ffa2) Importer(815301076,1909f56bfc062723c751e8b465ee728b) (PreviewImporter) -> (artifact id: '5b73d7c3e22085fef5ea8eb2ed8af60d') in 0.1149794 seconds
Number of updated asset objects reloaded before import = 0Number of asset objects unloaded after import = 11

========================================================================
Received Import Request.
  Time since last request: 0.000104 seconds.
  path: Assets/Cartoon_Tank_Free/CTF_Prefabs/СTF_Box_Cap_Blue.prefab
  artifactKey: Guid(01aefc43126577342a914d6888b57a3b) Importer(2089858483,192608db42251d675da83286b1cce702)
Start importing Assets/Cartoon_Tank_Free/CTF_Prefabs/СTF_Box_Cap_Blue.prefab using Guid(01aefc43126577342a914d6888b57a3b) Importer(2089858483,192608db42251d675da83286b1cce702) (ScriptedImporter) -> (artifact id: '035ccf308876f630d754c5a9462487f8') in 0.0777365 seconds
Number of updated asset objects reloaded before import = 0Number of asset objects unloaded after import = 8

========================================================================
Received Import Request.
  Time since last request: 0.000094 seconds.
  path: Assets/Cartoon_Tank_Free/CTF_Materials/CTF_Mat_AdElements_Yel.mat
  artifactKey: Guid(b7275cbf36c85ea429b0ea4cefeaa312) Importer(2089858483,192608db42251d675da83286b1cce702)
Start importing Assets/Cartoon_Tank_Free/CTF_Materials/CTF_Mat_AdElements_Yel.mat using Guid(b7275cbf36c85ea429b0ea4cefeaa312) Importer(2089858483,192608db42251d675da83286b1cce702) (ScriptedImporter) -> (artifact id: '663c5fc064a9c2c3c35f8241c89668ce') in 0.0853284 seconds
Number of updated asset objects reloaded before import = 0Number of asset objects unloaded after import = 4

========================================================================
Received Import Request.
  Time since last request: 0.000095 seconds.
  path: Assets/Cartoon_Tank_Free/CTF_Textures/CTF_Elements/CTF_Elements_Mixed_AO.png
  artifactKey: Guid(6ef311f1940bd554f987a9617289c3ca) Importer(2089858483,192608db42251d675da83286b1cce702)
Start importing Assets/Cartoon_Tank_Free/CTF_Textures/CTF_Elements/CTF_Elements_Mixed_AO.png using Guid(6ef311f1940bd554f987a9617289c3ca) Importer(2089858483,192608db42251d675da83286b1cce702) (ScriptedImporter) -> (artifact id: '7c2815bc75c0a5901477decec3f002aa') in 0.0876933 seconds
Number of updated asset objects reloaded before import = 0Number of asset objects unloaded after import = 1

========================================================================
Received Import Request.
  Time since last request: 0.000051 seconds.
  path: Assets/Cartoon_Tank_Free/CTF_Prefabs/TankFree_Blue.prefab
  artifactKey: Guid(a30540c41d7d5ed4281d72b4916afb5e) Importer(2089858483,192608db42251d675da83286b1cce702)
Start importing Assets/Cartoon_Tank_Free/CTF_Prefabs/TankFree_Blue.prefab using Guid(a30540c41d7d5ed4281d72b4916afb5e) Importer(2089858483,192608db42251d675da83286b1cce702) (ScriptedImporter) -> (artifact id: '912754e2bacacc74ef91a2fc917072dd') in 0.0663739 seconds
Number of updated asset objects reloaded before import = 0Number of asset objects unloaded after import = 38

========================================================================
Received Import Request.
  Time since last request: 56.557413 seconds.
  path: Assets/Cartoon_Tank_Free/CTF_Materials/CTF_Mat_AdElements_Red.mat
  artifactKey: Guid(be2ef26c00fd5ac4fafddd4c30895e64) Importer(815301076,1909f56bfc062723c751e8b465ee728b)
Start importing Assets/Cartoon_Tank_Free/CTF_Materials/CTF_Mat_AdElements_Red.mat using Guid(be2ef26c00fd5ac4fafddd4c30895e64) Importer(815301076,1909f56bfc062723c751e8b465ee728b) (PreviewImporter) -> (artifact id: 'ebaeec8d050998e91ed2d2b74bebb75f') in 0.1384546 seconds
Number of updated asset objects reloaded before import = 0Number of asset objects unloaded after import = 4

Editor requested this worker to shutdown with reason: Scaling down because of idle timeout
AssetImportWorker is now disconnected from the server
Process exiting
Exiting without the bug reporter. Application will terminate with return code 0