[Licensing::Module] Trying to connect to existing licensing client channel...
[Licensing::IpcConnector] Successfully connected to: "LicenseClient-chanmetrey.hem" at "2025-12-22T01:43:55.2052126Z"
Built from '6000.2/staging' branch; Version is '6000.2.6f1 (cc51a95c0300) revision 13390249'; Using compiler version '194234433'; Build Type 'Release'
OS: 'Windows 11  (10.0.26200) 64bit Professional' Language: 'en' Physical Memory: 15849 MB
BatchMode: 1, IsHumanControllingUs: 0, StartBugReporterOnCrash: 0, Is64bit: 1
Date: 2025-12-22T01:43:55Z

COMMAND LINE ARGUMENTS:
D:\UnityEditor\6000.2.6f1\Editor\Unity.exe
-adb2
-batchMode
-noUpm
-name
AssetImportWorker9
-projectPath
D:/UnityProject/AircraftWar
-logFile
Logs/AssetImportWorker9.log
-srvPort
53030
-job-worker-count
6
-background-job-worker-count
8
-gc-helper-count
1
-name
AssetImport
Successfully changed project path to: D:/UnityProject/AircraftWar
D:/UnityProject/AircraftWar
[UnityMemory] Configuration Parameters - Can be set up in boot.config
    "memorysetup-allocator-temp-initial-block-size-main=262144"
    "memorysetup-allocator-temp-initial-block-size-worker=262144"
    "memorysetup-bucket-allocator-granularity=16"
    "memorysetup-bucket-allocator-bucket-count=8"
    "memorysetup-bucket-allocator-block-size=33554432"
    "memorysetup-bucket-allocator-block-count=8"
    "memorysetup-main-allocator-block-size=16777216"
    "memorysetup-thread-allocator-block-size=16777216"
    "memorysetup-gfx-main-allocator-block-size=16777216"
    "memorysetup-gfx-thread-allocator-block-size=16777216"
    "memorysetup-cache-allocator-block-size=4194304"
    "memorysetup-typetree-allocator-block-size=2097152"
    "memorysetup-profiler-bucket-allocator-granularity=16"
    "memorysetup-profiler-bucket-allocator-bucket-count=8"
    "memorysetup-profiler-bucket-allocator-block-size=33554432"
    "memorysetup-profiler-bucket-allocator-block-count=8"
    "memorysetup-profiler-allocator-block-size=16777216"
    "memorysetup-profiler-editor-allocator-block-size=1048576"
    "memorysetup-temp-allocator-size-main=16777216"
    "memorysetup-job-temp-allocator-block-size=2097152"
    "memorysetup-job-temp-allocator-block-size-background=1048576"
    "memorysetup-job-temp-allocator-reduction-small-platforms=262144"
    "memorysetup-temp-allocator-size-background-worker=32768"
    "memorysetup-temp-allocator-size-job-worker=262144"
    "memorysetup-temp-allocator-size-preload-manager=33554432"
    "memorysetup-temp-allocator-size-nav-mesh-worker=65536"
    "memorysetup-temp-allocator-size-audio-worker=65536"
    "memorysetup-temp-allocator-size-cloud-worker=32768"
    "memorysetup-temp-allocator-size-gi-baking-worker=262144"
    "memorysetup-temp-allocator-size-gi-baking-worker=262144"
    "memorysetup-temp-allocator-size-gi-baking-worker=262144"
    "memorysetup-temp-allocator-size-gi-baking-worker=262144"
    "memorysetup-temp-allocator-size-gi-baking-worker=262144"
    "memorysetup-temp-allocator-size-gfx=262144"
Player connection [56880]  Target information:

Player connection [56880]  * "[IP] 10.120.208.57 [Port] 0 [Flags] 2 [Guid] 3867547116 [EditorId] 3867547116 [Version] 1048832 [Id] WindowsEditor(7,B5701-METREY) [Debug] 1 [PackageName] WindowsEditor [ProjectName] Editor" 

Player connection [56880] Host joined multi-casting on [225.0.0.222:54997]...
Player connection [56880] Host joined alternative multi-casting on [225.0.0.222:34997]...
JobSystem: Creating JobQueue using job-worker-count value 6
Input System module state changed to: Initialized.
[Physics::Module] Initialized fallback backend.
[Physics::Module] Id: 0xdecafbad
[Licensing::Client] Code 10 while verifying Licensing Client signature (process Id: 48316, path: "C:/Program Files/Unity Hub/UnityLicensingClient_V1/Unity.Licensing.Client.exe")
[Licensing::Module] LicensingClient has failed validation; ignoring
[Licensing::Client] Error: HandshakeResponse reported an error:
	ResponseCode: 505
	ResponseStatus: Unsupported protocol version '1.17.2'.
[Licensing::Module] Error: Failed to handshake to channel: "LicenseClient-chanmetrey.hem"
[Licensing::IpcConnector] LicenseClient-chanmetrey.hem channel disconnected successfully.
[Licensing::IpcConnector] Successfully connected to: "LicenseClient-chanmetrey.hem-6000.2.6" at "2025-12-22T01:43:55.2976769Z"
Library Redirect Path: Library/
[Licensing::Client] Code 10 while verifying Licensing Client signature (process Id: 48808, path: "D:/UnityEditor/6000.2.6f1/Editor/Data/Resources/Licensing/Client/Unity.Licensing.Client.exe")
[Licensing::Module] LicensingClient has failed validation; ignoring
[Licensing::Client] Handshaking with LicensingClient:
  Version:                 1.17.2+ff71f16
  Session Id:              ef24f0579f2f4ac885ae7ca8f5c789ad
  Correlation Id:          98b64ca9ddaff10f102820ce5240738a
  External correlation Id: 8363311796965487193
  Machine Id:              39/wTax1GNoKjH6tbkpiRAY7RsQ=
[Licensing::Module] Successfully connected to LicensingClient on channel: "LicenseClient-chanmetrey.hem-6000.2.6" (connect: 0.00s, validation: 0.00s, handshake: 0.04s)
[Licensing::IpcConnector] Successfully connected to: "LicenseClient-chanmetrey.hem-6000.2.6-notifications" at "2025-12-22T01:43:55.3378196Z"
[Licensing::Module] Licensing Background thread has ended after 0.13s
[Physics::Module] Selected backend.
[Physics::Module] Name: PhysX
[Physics::Module] Id: 0xf2b8ea05
[Physics::Module] SDK Version: 4.1.2
[Physics::Module] Integration Version: 1.0.0
[Physics::Module] Threading Mode: Multi-Threaded
Refreshing native plugins compatible for Editor in 7.95 ms, found 3 plugins.
Preloading 0 native plugins for Editor in 0.00 ms.
Initialize engine version: 6000.2.6f1 (cc51a95c0300)
[Subsystems] Discovering subsystems at path D:/UnityEditor/6000.2.6f1/Editor/Data/Resources/UnitySubsystems
[Subsystems] Discovering subsystems at path D:/UnityProject/AircraftWar/Assets
GfxDevice: creating device client; kGfxThreadingModeNonThreaded
d3d12: failed to query info queue interface (0x80004002).
Direct3D:
    Version:         Direct3D 12 [level 12.1]
    Renderer:        Intel(R) Graphics (ID=0x7d45)
    Vendor:          Intel
    VRAM:            9034 MB
    App VRAM Budget: 8326 MB
    Driver:          32.0.101.7026
    Unified Memory Architecture
Initialize mono
Mono path[0] = 'D:/UnityEditor/6000.2.6f1/Editor/Data/Managed'
Mono path[1] = 'D:/UnityEditor/6000.2.6f1/Editor/Data/MonoBleedingEdge/lib/mono/unityjit-win32'
Mono config path = 'D:/UnityEditor/6000.2.6f1/Editor/Data/MonoBleedingEdge/etc'
Using monoOptions --debugger-agent=transport=dt_socket,embedding=1,server=y,suspend=n,address=127.0.0.1:56172
Begin MonoManager ReloadAssembly
Registering precompiled unity dll's ...
Register platform support module: D:/UnityEditor/6000.2.6f1/Editor/Data/PlaybackEngines/WebGLSupport/UnityEditor.WebGL.Extensions.dll
Register platform support module: D:/UnityEditor/6000.2.6f1/Editor/Data/PlaybackEngines/WindowsStandaloneSupport/UnityEditor.WindowsStandalone.Extensions.dll
[Licensing::Client] Successfully resolved entitlement details
[Licensing::Module] License group:
  Id: 18968334084057-UnityPersXXXX
  Product: Unity Personal
  Type: Assigned
  Expiration: Unlimited
Register platform support module: D:/UnityEditor/6000.2.6f1/Editor/Data/PlaybackEngines/AndroidPlayer/UnityEditor.Android.Extensions.dll
[Licensing::Client] Successfully resolved entitlement details
Register platform support module: D:/UnityEditor/6000.2.6f1/Editor/Data/PlaybackEngines/iOSSupport/UnityEditor.iOS.Extensions.dll
Registered in 0.057008 seconds.
- Loaded All Assemblies, in  5.630 seconds
[usbmuxd] Start listen thread
[usbmuxd] Listen thread started
Native extension for iOS target not found
Native extension for Android target not found
Android Extension - Scanning For ADB Devices 2815 ms
Native extension for WindowsStandalone target not found
Native extension for WebGL target not found
Mono: successfully reloaded assembly
- Finished resetting the current domain, in  4.533 seconds
Domain Reload Profiling: 10163ms
	BeginReloadAssembly (733ms)
		ExecutionOrderSort (0ms)
		DisableScriptedObjects (0ms)
		BackupInstance (0ms)
		ReleaseScriptingObjects (0ms)
		CreateAndSetChildDomain (1ms)
	RebuildCommonClasses (131ms)
	RebuildNativeTypeToScriptingClass (25ms)
	initialDomainReloadingComplete (212ms)
	LoadAllAssembliesAndSetupDomain (4527ms)
		LoadAssemblies (757ms)
		RebuildTransferFunctionScriptingTraits (0ms)
		AnalyzeDomain (4495ms)
			TypeCache.Refresh (4491ms)
				TypeCache.ScanAssembly (3797ms)
			BuildScriptInfoCaches (0ms)
			ResolveRequiredComponents (1ms)
	FinalizeReload (4534ms)
		ReleaseScriptCaches (0ms)
		RebuildScriptCaches (0ms)
		SetupLoadedEditorAssemblies (4432ms)
			LogAssemblyErrors (0ms)
			InitializePlatformSupportModulesInManaged (3674ms)
			SetLoadedEditorAssemblies (9ms)
			BeforeProcessingInitializeOnLoad (393ms)
			ProcessInitializeOnLoadAttributes (271ms)
			ProcessInitializeOnLoadMethodAttributes (86ms)
			AfterProcessingInitializeOnLoad (0ms)
			EditorAssembliesLoaded (0ms)
		ExecutionOrderSort2 (0ms)
		AwakeInstancesAfterBackupRestoration (0ms)
========================================================================
Worker process is ready to serve import requests
Import Worker Mode flag is 0x00
Begin MonoManager ReloadAssembly
[Licensing::Client] Successfully resolved entitlement details
- Loaded All Assemblies, in 21.560 seconds
Refreshing native plugins compatible for Editor in 4.80 ms, found 3 plugins.
Native extension for iOS target not found
Native extension for Android target not found
Native extension for WindowsStandalone target not found
Native extension for WebGL target not found
Package Manager log level set to [2]
[Package Manager] Failed to launch server process. Reason: Unity was launched with the -noUpm command-line argument
[Package Manager] Unable to send message (not connected to server process).
[Package Manager] Cannot connect to Unity Package Manager local server
Mono: successfully reloaded assembly
- Finished resetting the current domain, in  2.652 seconds
Domain Reload Profiling: 24212ms
	BeginReloadAssembly (361ms)
		ExecutionOrderSort (0ms)
		DisableScriptedObjects (11ms)
		BackupInstance (0ms)
		ReleaseScriptingObjects (0ms)
		CreateAndSetChildDomain (77ms)
	RebuildCommonClasses (60ms)
	RebuildNativeTypeToScriptingClass (21ms)
	initialDomainReloadingComplete (58ms)
	LoadAllAssembliesAndSetupDomain (21059ms)
		LoadAssemblies (19822ms)
		RebuildTransferFunctionScriptingTraits (0ms)
		AnalyzeDomain (1422ms)
			TypeCache.Refresh (1313ms)
				TypeCache.ScanAssembly (1233ms)
			BuildScriptInfoCaches (79ms)
			ResolveRequiredComponents (19ms)
	FinalizeReload (2654ms)
		ReleaseScriptCaches (0ms)
		RebuildScriptCaches (0ms)
		SetupLoadedEditorAssemblies (1938ms)
			LogAssemblyErrors (0ms)
			InitializePlatformSupportModulesInManaged (211ms)
			SetLoadedEditorAssemblies (26ms)
			BeforeProcessingInitializeOnLoad (480ms)
			ProcessInitializeOnLoadAttributes (1007ms)
			ProcessInitializeOnLoadMethodAttributes (196ms)
			AfterProcessingInitializeOnLoad (8ms)
			EditorAssembliesLoaded (9ms)
		ExecutionOrderSort2 (0ms)
		AwakeInstancesAfterBackupRestoration (27ms)
Launched and connected shader compiler UnityShaderCompiler.exe after 0.16 seconds
Refreshing native plugins compatible for Editor in 7.19 ms, found 3 plugins.
Preloading 0 native plugins for Editor in 0.00 ms.
Unloading 13 Unused Serialized files (Serialized files now loaded: 0)
Unloading 6163 unused Assets / (3.4 MB). Loaded Objects now: 6879.
Memory consumption went from 135.0 MB to 131.7 MB.
Total: 67.913100 ms (FindLiveObjects: 29.971100 ms CreateObjectMapping: 2.151200 ms MarkObjects: 18.764000 ms  DeleteObjects: 17.023300 ms)

========================================================================
Received Import Request.
  Time since last request: 521330.597538 seconds.
  path: Assets/Generic Aircraft Models/Prefabs/Aircrafts/aircraft-a_001.prefab
  artifactKey: Guid(0ab2b86c6314088469f3f12e2426a27d) Importer(815301076,1909f56bfc062723c751e8b465ee728b)
Start importing Assets/Generic Aircraft Models/Prefabs/Aircrafts/aircraft-a_001.prefab using Guid(0ab2b86c6314088469f3f12e2426a27d) Importer(815301076,1909f56bfc062723c751e8b465ee728b) (PreviewImporter) -> (artifact id: '110df58fb259760cb6b1939b23ba6a04') in 1.1317338 seconds
Number of updated asset objects reloaded before import = 0Number of asset objects unloaded after import = 20

========================================================================
Received Import Request.
  Time since last request: 0.000042 seconds.
  path: Assets/Generic Aircraft Models/Prefabs/Aircrafts/aircraft-b_001.prefab
  artifactKey: Guid(21bbbad6f8925ef4d8c3deb4d5e8903b) Importer(815301076,1909f56bfc062723c751e8b465ee728b)
Start importing Assets/Generic Aircraft Models/Prefabs/Aircrafts/aircraft-b_001.prefab using Guid(21bbbad6f8925ef4d8c3deb4d5e8903b) Importer(815301076,1909f56bfc062723c751e8b465ee728b) (PreviewImporter) -> (artifact id: '5e466295e433c99057e066faca195d0a') in 0.051269 seconds
Number of updated asset objects reloaded before import = 0Number of asset objects unloaded after import = 20

========================================================================
Received Import Request.
  Time since last request: 0.000055 seconds.
  path: Assets/Generic Aircraft Models/Prefabs/Aircrafts/aircraft-k_001.prefab
  artifactKey: Guid(c7507bb990cd36e4ea2ab51aa63f9f06) Importer(815301076,1909f56bfc062723c751e8b465ee728b)
Start importing Assets/Generic Aircraft Models/Prefabs/Aircrafts/aircraft-k_001.prefab using Guid(c7507bb990cd36e4ea2ab51aa63f9f06) Importer(815301076,1909f56bfc062723c751e8b465ee728b) (PreviewImporter) -> (artifact id: '1b7da0e17852d1f6d09fa1243dfe094f') in 0.0610673 seconds
Number of updated asset objects reloaded before import = 0Number of asset objects unloaded after import = 20

========================================================================
Received Import Request.
  Time since last request: 0.000075 seconds.
  path: Assets/Generic Aircraft Models/Prefabs/Aircrafts/aircraft-e.prefab
  artifactKey: Guid(97871f0563382c046b153c083447a64b) Importer(815301076,1909f56bfc062723c751e8b465ee728b)
Start importing Assets/Generic Aircraft Models/Prefabs/Aircrafts/aircraft-e.prefab using Guid(97871f0563382c046b153c083447a64b) Importer(815301076,1909f56bfc062723c751e8b465ee728b) (PreviewImporter) -> (artifact id: 'bee18902984322be3b1ba6be3a015060') in 0.0554187 seconds
Number of updated asset objects reloaded before import = 0Number of asset objects unloaded after import = 9

========================================================================
Received Import Request.
  Time since last request: 0.000057 seconds.
  path: Assets/Generic Aircraft Models/Prefabs/Aircrafts/aircraft-j_001.prefab
  artifactKey: Guid(a66ad7cf1269f9745931cbc65d8cc6ba) Importer(815301076,1909f56bfc062723c751e8b465ee728b)
Start importing Assets/Generic Aircraft Models/Prefabs/Aircrafts/aircraft-j_001.prefab using Guid(a66ad7cf1269f9745931cbc65d8cc6ba) Importer(815301076,1909f56bfc062723c751e8b465ee728b) (PreviewImporter) -> (artifact id: '28e78de88a0297c00f1e35253d317fb4') in 0.0552371 seconds
Number of updated asset objects reloaded before import = 0Number of asset objects unloaded after import = 9

========================================================================
Received Import Request.
  Time since last request: 0.000046 seconds.
  path: Assets/Generic Aircraft Models/Prefabs/Aircrafts/aircraft-e_002.prefab
  artifactKey: Guid(9ddf6a920f95bcf4fb7d372c0e91eb0a) Importer(815301076,1909f56bfc062723c751e8b465ee728b)
Start importing Assets/Generic Aircraft Models/Prefabs/Aircrafts/aircraft-e_002.prefab using Guid(9ddf6a920f95bcf4fb7d372c0e91eb0a) Importer(815301076,1909f56bfc062723c751e8b465ee728b) (PreviewImporter) -> (artifact id: '2485e4345488be58be3a6d2fc0c4f534') in 0.0460307 seconds
Number of updated asset objects reloaded before import = 0Number of asset objects unloaded after import = 9

========================================================================
Received Import Request.
  Time since last request: 0.000033 seconds.
  path: Assets/Generic Aircraft Models/Prefabs/Aircrafts/aircraft-g_002.prefab
  artifactKey: Guid(625646b13e9f7004eac5bc8941ee4810) Importer(815301076,1909f56bfc062723c751e8b465ee728b)
Start importing Assets/Generic Aircraft Models/Prefabs/Aircrafts/aircraft-g_002.prefab using Guid(625646b13e9f7004eac5bc8941ee4810) Importer(815301076,1909f56bfc062723c751e8b465ee728b) (PreviewImporter) -> (artifact id: 'f93c3ecc725b328421005ac862a8b1e5') in 0.0483113 seconds
Number of updated asset objects reloaded before import = 0Number of asset objects unloaded after import = 35

========================================================================
Received Import Request.
  Time since last request: 0.000035 seconds.
  path: Assets/Generic Aircraft Models/Prefabs/Aircrafts/aircraft-c_002.prefab
  artifactKey: Guid(a01556def174cd646ac956a9f178b230) Importer(815301076,1909f56bfc062723c751e8b465ee728b)
Start importing Assets/Generic Aircraft Models/Prefabs/Aircrafts/aircraft-c_002.prefab using Guid(a01556def174cd646ac956a9f178b230) Importer(815301076,1909f56bfc062723c751e8b465ee728b) (PreviewImporter) -> (artifact id: '6e9614d72b5395afab0d5827bc2ed89e') in 0.0448473 seconds
Number of updated asset objects reloaded before import = 0Number of asset objects unloaded after import = 25

========================================================================
Received Import Request.
  Time since last request: 0.000087 seconds.
  path: Assets/Generic Aircraft Models/Prefabs/Aircrafts/aircraft-f.prefab
  artifactKey: Guid(94237cc2b5ca52c44a5654ae52a61474) Importer(815301076,1909f56bfc062723c751e8b465ee728b)
Start importing Assets/Generic Aircraft Models/Prefabs/Aircrafts/aircraft-f.prefab using Guid(94237cc2b5ca52c44a5654ae52a61474) Importer(815301076,1909f56bfc062723c751e8b465ee728b) (PreviewImporter) -> (artifact id: 'befb20e6d7d5faa34a83f4b833d800e9') in 0.0427885 seconds
Number of updated asset objects reloaded before import = 0Number of asset objects unloaded after import = 9

========================================================================
Received Import Request.
  Time since last request: 0.000033 seconds.
  path: Assets/Generic Aircraft Models/Prefabs/Aircrafts/aircraft-g_001.prefab
  artifactKey: Guid(8e136be7fbd79d84da74ef5ca7e486cc) Importer(815301076,1909f56bfc062723c751e8b465ee728b)
Start importing Assets/Generic Aircraft Models/Prefabs/Aircrafts/aircraft-g_001.prefab using Guid(8e136be7fbd79d84da74ef5ca7e486cc) Importer(815301076,1909f56bfc062723c751e8b465ee728b) (PreviewImporter) -> (artifact id: '4fca5a6d4930b749af9fde586b2bd48c') in 0.0756901 seconds
Number of updated asset objects reloaded before import = 0Number of asset objects unloaded after import = 35

========================================================================
Received Import Request.
  Time since last request: 0.000034 seconds.
  path: Assets/Generic Aircraft Models/Prefabs/Aircrafts/aircraft-f_002.prefab
  artifactKey: Guid(0e4d803fea098ce4dac5625a40a2428e) Importer(815301076,1909f56bfc062723c751e8b465ee728b)
Start importing Assets/Generic Aircraft Models/Prefabs/Aircrafts/aircraft-f_002.prefab using Guid(0e4d803fea098ce4dac5625a40a2428e) Importer(815301076,1909f56bfc062723c751e8b465ee728b) (PreviewImporter) -> (artifact id: 'e0a280da5a3b28cf8caf1c0ad723835b') in 0.048855 seconds
Number of updated asset objects reloaded before import = 0Number of asset objects unloaded after import = 9

========================================================================
Received Import Request.
  Time since last request: 7.598725 seconds.
  path: Assets/LeanTween/Examples/Models/Materials/No Name.mat
  artifactKey: Guid(221234e77532a4e3b96e5cce2b41b771) Importer(2089858483,192608db42251d675da83286b1cce702)
Start importing Assets/LeanTween/Examples/Models/Materials/No Name.mat using Guid(221234e77532a4e3b96e5cce2b41b771) Importer(2089858483,192608db42251d675da83286b1cce702) (ScriptedImporter) -> (artifact id: 'c2271b552a68560e27c8231b9cf9fbc2') in 1.4235338 seconds
Number of updated asset objects reloaded before import = 0Number of asset objects unloaded after import = 2

========================================================================
Received Import Request.
  Time since last request: 0.000055 seconds.
  path: Assets/LeanTween/Testing/TestingDescr.unity
  artifactKey: Guid(5183fb754722d4edba59e1f7ab972186) Importer(2089858483,192608db42251d675da83286b1cce702)
Start importing Assets/LeanTween/Testing/TestingDescr.unity using Guid(5183fb754722d4edba59e1f7ab972186) Importer(2089858483,192608db42251d675da83286b1cce702) (ScriptedImporter) -> (artifact id: 'e25c3a586e1852dd6112871a2479424b') in 0.0353038 seconds
Number of updated asset objects reloaded before import = 0Number of asset objects unloaded after import = 1

========================================================================
Received Import Request.
  Time since last request: 0.000131 seconds.
  path: Assets/LeanTween/Examples/Scenes/TestingUnitTests.unity
  artifactKey: Guid(22e1e363584e94ef6a9661ede1f4e358) Importer(2089858483,192608db42251d675da83286b1cce702)
Start importing Assets/LeanTween/Examples/Scenes/TestingUnitTests.unity using Guid(22e1e363584e94ef6a9661ede1f4e358) Importer(2089858483,192608db42251d675da83286b1cce702) (ScriptedImporter) -> (artifact id: 'faecaed1b3c2f074be2159796eac8a26') in 0.0369299 seconds
Number of updated asset objects reloaded before import = 0Number of asset objects unloaded after import = 1

========================================================================
Received Import Request.
  Time since last request: 0.000048 seconds.
  path: Assets/LeanTween/Examples/Scenes/Following.unity
  artifactKey: Guid(ae5e9d334639a484786a9badbf5b387a) Importer(2089858483,192608db42251d675da83286b1cce702)
Start importing Assets/LeanTween/Examples/Scenes/Following.unity using Guid(ae5e9d334639a484786a9badbf5b387a) Importer(2089858483,192608db42251d675da83286b1cce702) (ScriptedImporter) -> (artifact id: '1b0ce71f47acc7363942caacf0413151') in 0.0377229 seconds
Number of updated asset objects reloaded before import = 0Number of asset objects unloaded after import = 1

========================================================================
Received Import Request.
  Time since last request: 0.000034 seconds.
  path: Assets/LeanTween/Examples/Models/Materials/SimpleAvatarMat.mat
  artifactKey: Guid(5732f0a6e68964f3eb5c3ebb94242055) Importer(2089858483,192608db42251d675da83286b1cce702)
Start importing Assets/LeanTween/Examples/Models/Materials/SimpleAvatarMat.mat using Guid(5732f0a6e68964f3eb5c3ebb94242055) Importer(2089858483,192608db42251d675da83286b1cce702) (ScriptedImporter) -> (artifact id: 'c7ac177b9a73137b9bad1de51723df61') in 0.0454245 seconds
Number of updated asset objects reloaded before import = 0Number of asset objects unloaded after import = 2

========================================================================
Received Import Request.
  Time since last request: 0.000041 seconds.
  path: Assets/LeanTween/Testing/Testing243.unity
  artifactKey: Guid(45c7976860cf7456f836999a7447f343) Importer(2089858483,192608db42251d675da83286b1cce702)
Start importing Assets/LeanTween/Testing/Testing243.unity using Guid(45c7976860cf7456f836999a7447f343) Importer(2089858483,192608db42251d675da83286b1cce702) (ScriptedImporter) -> (artifact id: '95625a2f8e0a96a92d6b6887cad587c1') in 0.0343613 seconds
Number of updated asset objects reloaded before import = 0Number of asset objects unloaded after import = 1

========================================================================
Received Import Request.
  Time since last request: 0.000039 seconds.
  path: Assets/LeanTween/Examples/Models/Materials/eanTween.mat
  artifactKey: Guid(f619dcfcfb4564405b5fe5ea207c9199) Importer(2089858483,192608db42251d675da83286b1cce702)
Start importing Assets/LeanTween/Examples/Models/Materials/eanTween.mat using Guid(f619dcfcfb4564405b5fe5ea207c9199) Importer(2089858483,192608db42251d675da83286b1cce702) (ScriptedImporter) -> (artifact id: 'bdd4c0508bf03ef672e9211833cd5beb') in 0.0426397 seconds
Number of updated asset objects reloaded before import = 0Number of asset objects unloaded after import = 2

========================================================================
Received Import Request.
  Time since last request: 0.000044 seconds.
  path: Assets/LeanTween/Examples/Models/Materials/Material_001.mat
  artifactKey: Guid(d9041dec3e4f243ad92eacfec2f65378) Importer(2089858483,192608db42251d675da83286b1cce702)
Start importing Assets/LeanTween/Examples/Models/Materials/Material_001.mat using Guid(d9041dec3e4f243ad92eacfec2f65378) Importer(2089858483,192608db42251d675da83286b1cce702) (ScriptedImporter) -> (artifact id: '2eb4215662532dd9f4ff59155095fee5') in 0.0425025 seconds
Number of updated asset objects reloaded before import = 0Number of asset objects unloaded after import = 2

========================================================================
Received Import Request.
  Time since last request: 0.000048 seconds.
  path: Assets/LeanTween/Examples/Scenes/GeneralUISpace.unity
  artifactKey: Guid(698925ae1198741f09200bbe0cbbff86) Importer(2089858483,192608db42251d675da83286b1cce702)
Start importing Assets/LeanTween/Examples/Scenes/GeneralUISpace.unity using Guid(698925ae1198741f09200bbe0cbbff86) Importer(2089858483,192608db42251d675da83286b1cce702) (ScriptedImporter) -> (artifact id: 'f978df8331dc9fd4f02f1dedb70499ec') in 0.0353986 seconds
Number of updated asset objects reloaded before import = 0Number of asset objects unloaded after import = 1

========================================================================
Received Import Request.
  Time since last request: 0.000035 seconds.
  path: Assets/LeanTween/Examples/Models/Materials/Material.mat
  artifactKey: Guid(af31d53076fd745faa5f05dae96c15c3) Importer(2089858483,192608db42251d675da83286b1cce702)
Start importing Assets/LeanTween/Examples/Models/Materials/Material.mat using Guid(af31d53076fd745faa5f05dae96c15c3) Importer(2089858483,192608db42251d675da83286b1cce702) (ScriptedImporter) -> (artifact id: '41934aa367f20a5bd4914b8ae78f74b8') in 0.037882 seconds
Number of updated asset objects reloaded before import = 0Number of asset objects unloaded after import = 2

========================================================================
Received Import Request.
  Time since last request: 0.000033 seconds.
  path: Assets/LeanTween/Examples/Prefabs/EndlessPiece.prefab
  artifactKey: Guid(9c73e0cec0a374576a4b47fbb49921d5) Importer(2089858483,192608db42251d675da83286b1cce702)
Start importing Assets/LeanTween/Examples/Prefabs/EndlessPiece.prefab using Guid(9c73e0cec0a374576a4b47fbb49921d5) Importer(2089858483,192608db42251d675da83286b1cce702) (ScriptedImporter) -> (artifact id: '591fa372793335dd4f59a9458ac7639a') in 0.0825278 seconds
Number of updated asset objects reloaded before import = 0Number of asset objects unloaded after import = 12

========================================================================
Received Import Request.
  Time since last request: 0.000037 seconds.
  path: Assets/LeanTween/Testing/FollowingTests.unity
  artifactKey: Guid(e89d6da1c030f4e238f49a56fff94910) Importer(2089858483,192608db42251d675da83286b1cce702)
Start importing Assets/LeanTween/Testing/FollowingTests.unity using Guid(e89d6da1c030f4e238f49a56fff94910) Importer(2089858483,192608db42251d675da83286b1cce702) (ScriptedImporter) -> (artifact id: '494b51a45ea950cada685ffcfd22a959') in 0.0373742 seconds
Number of updated asset objects reloaded before import = 0Number of asset objects unloaded after import = 1

========================================================================
Received Import Request.
  Time since last request: 0.000057 seconds.
  path: Assets/LeanTween/Examples/Models/Materials/SubTitleText.mat
  artifactKey: Guid(33b82a22301d648c5afa1a682a259e5d) Importer(2089858483,192608db42251d675da83286b1cce702)
Start importing Assets/LeanTween/Examples/Models/Materials/SubTitleText.mat using Guid(33b82a22301d648c5afa1a682a259e5d) Importer(2089858483,192608db42251d675da83286b1cce702) (ScriptedImporter) -> (artifact id: '0babdf9040199e776bbe7e447f5acd2a') in 0.042522 seconds
Number of updated asset objects reloaded before import = 0Number of asset objects unloaded after import = 2

========================================================================
Received Import Request.
  Time since last request: 0.000031 seconds.
  path: Assets/LeanTween/Examples/Material/AlphBumps.mat
  artifactKey: Guid(12c720f1dd5674502bc1185ff99b70f9) Importer(2089858483,192608db42251d675da83286b1cce702)
Start importing Assets/LeanTween/Examples/Material/AlphBumps.mat using Guid(12c720f1dd5674502bc1185ff99b70f9) Importer(2089858483,192608db42251d675da83286b1cce702) (ScriptedImporter) -> (artifact id: '283779b524ebe0479017abe96c953e4d') in 0.0375254 seconds
Number of updated asset objects reloaded before import = 0Number of asset objects unloaded after import = 2

========================================================================
Received Import Request.
  Time since last request: 0.000101 seconds.
  path: Assets/LeanTween/Examples/Models/Materials/LMaterial.mat
  artifactKey: Guid(02a8bb137b3dc465e834a60da68b0faa) Importer(2089858483,192608db42251d675da83286b1cce702)
Start importing Assets/LeanTween/Examples/Models/Materials/LMaterial.mat using Guid(02a8bb137b3dc465e834a60da68b0faa) Importer(2089858483,192608db42251d675da83286b1cce702) (ScriptedImporter) -> (artifact id: 'e78cceb25a5398a3a580a99ada92f86f') in 0.0410653 seconds
Number of updated asset objects reloaded before import = 0Number of asset objects unloaded after import = 2

========================================================================
Received Import Request.
  Time since last request: 0.000027 seconds.
  path: Assets/LeanTween/Examples/Models/Materials/SimpleAvatarAlphaBlue.mat
  artifactKey: Guid(39a7c2c726d36466a82bb11886f760e1) Importer(2089858483,192608db42251d675da83286b1cce702)
Start importing Assets/LeanTween/Examples/Models/Materials/SimpleAvatarAlphaBlue.mat using Guid(39a7c2c726d36466a82bb11886f760e1) Importer(2089858483,192608db42251d675da83286b1cce702) (ScriptedImporter) -> (artifact id: 'fe6ce123d39a7c6702b2cd91ccd8a0f6') in 0.0355345 seconds
Number of updated asset objects reloaded before import = 0Number of asset objects unloaded after import = 2

========================================================================
Received Import Request.
  Time since last request: 0.000071 seconds.
  path: Assets/LeanTween/Examples/Material/Mock2d.mat
  artifactKey: Guid(ab11516f0780f4d438844432fc7e8070) Importer(2089858483,192608db42251d675da83286b1cce702)
Start importing Assets/LeanTween/Examples/Material/Mock2d.mat using Guid(ab11516f0780f4d438844432fc7e8070) Importer(2089858483,192608db42251d675da83286b1cce702) (ScriptedImporter) -> (artifact id: '2cff524f1f06332890c07d1e8b9be223') in 0.0417309 seconds
Number of updated asset objects reloaded before import = 0Number of asset objects unloaded after import = 2

========================================================================
Received Import Request.
  Time since last request: 0.000045 seconds.
  path: Assets/LeanTween/Examples/Material/GridLines.mat
  artifactKey: Guid(9a06e258e3bf640e885048b32fdf51b7) Importer(2089858483,192608db42251d675da83286b1cce702)
Start importing Assets/LeanTween/Examples/Material/GridLines.mat using Guid(9a06e258e3bf640e885048b32fdf51b7) Importer(2089858483,192608db42251d675da83286b1cce702) (ScriptedImporter) -> (artifact id: '0d49460bc36d4c6dc2e55c523a4de2c5') in 0.0361867 seconds
Number of updated asset objects reloaded before import = 0Number of asset objects unloaded after import = 2

========================================================================
Received Import Request.
  Time since last request: 146.357305 seconds.
  path: Assets/Generic Aircraft Models/Prefabs/Structures/hangar-a.prefab
  artifactKey: Guid(7d30be2e368b38c4883436009d071421) Importer(815301076,1909f56bfc062723c751e8b465ee728b)
Start importing Assets/Generic Aircraft Models/Prefabs/Structures/hangar-a.prefab using Guid(7d30be2e368b38c4883436009d071421) Importer(815301076,1909f56bfc062723c751e8b465ee728b) (PreviewImporter) -> (artifact id: 'ef3f5af71e92c0755cda0070f26564a9') in 0.0774106 seconds
Number of updated asset objects reloaded before import = 0Number of asset objects unloaded after import = 25

========================================================================
Received Import Request.
  Time since last request: 0.000123 seconds.
  path: Assets/Generic Aircraft Models/Prefabs/Structures/hangar-a-door_001.prefab
  artifactKey: Guid(1a7411bcadb0ef34881856f2ae8f81bc) Importer(815301076,1909f56bfc062723c751e8b465ee728b)
Start importing Assets/Generic Aircraft Models/Prefabs/Structures/hangar-a-door_001.prefab using Guid(1a7411bcadb0ef34881856f2ae8f81bc) Importer(815301076,1909f56bfc062723c751e8b465ee728b) (PreviewImporter) -> (artifact id: '5fa2da08ab8d043a213b408f9eed8efe') in 0.0579843 seconds
Number of updated asset objects reloaded before import = 0Number of asset objects unloaded after import = 9

========================================================================
Received Import Request.
  Time since last request: 0.000048 seconds.
  path: Assets/Generic Aircraft Models/Prefabs/Structures/hill-a_001.prefab
  artifactKey: Guid(61af6397bb219bc44857f006c658873d) Importer(815301076,1909f56bfc062723c751e8b465ee728b)
Start importing Assets/Generic Aircraft Models/Prefabs/Structures/hill-a_001.prefab using Guid(61af6397bb219bc44857f006c658873d) Importer(815301076,1909f56bfc062723c751e8b465ee728b) (PreviewImporter) -> (artifact id: 'fe74b1665f656bed5eee594d8da13cf9') in 0.0612213 seconds
Number of updated asset objects reloaded before import = 0Number of asset objects unloaded after import = 9

========================================================================
Received Import Request.
  Time since last request: 0.000056 seconds.
  path: Assets/Generic Aircraft Models/Prefabs/Structures/runway-a_001.prefab
  artifactKey: Guid(119f4cabccfbcc048b5ce9c3166254f9) Importer(815301076,1909f56bfc062723c751e8b465ee728b)
Start importing Assets/Generic Aircraft Models/Prefabs/Structures/runway-a_001.prefab using Guid(119f4cabccfbcc048b5ce9c3166254f9) Importer(815301076,1909f56bfc062723c751e8b465ee728b) (PreviewImporter) -> (artifact id: '9cb483edf3b4fcc52901e7a4511db30d') in 0.0528244 seconds
Number of updated asset objects reloaded before import = 0Number of asset objects unloaded after import = 9

========================================================================
Received Import Request.
  Time since last request: 0.000029 seconds.
  path: Assets/Generic Aircraft Models/Prefabs/Structures/hill-a_002.prefab
  artifactKey: Guid(73e1113b7f608dc4aa407653d7f7ee2e) Importer(815301076,1909f56bfc062723c751e8b465ee728b)
Start importing Assets/Generic Aircraft Models/Prefabs/Structures/hill-a_002.prefab using Guid(73e1113b7f608dc4aa407653d7f7ee2e) Importer(815301076,1909f56bfc062723c751e8b465ee728b) (PreviewImporter) -> (artifact id: '32ddf1e6d31458fc654e1e93023c8ec1') in 0.0499738 seconds
Number of updated asset objects reloaded before import = 0Number of asset objects unloaded after import = 9

========================================================================
Received Import Request.
  Time since last request: 4.132704 seconds.
  path: Assets/Generic Aircraft Models/Prefabs/Parts/aircraft-k-door.prefab
  artifactKey: Guid(7573a6eeff873224d9bb5275dbdd8106) Importer(815301076,1909f56bfc062723c751e8b465ee728b)
Start importing Assets/Generic Aircraft Models/Prefabs/Parts/aircraft-k-door.prefab using Guid(7573a6eeff873224d9bb5275dbdd8106) Importer(815301076,1909f56bfc062723c751e8b465ee728b) (PreviewImporter) -> (artifact id: '06b98c07f6edcc2b4c9d9207a494d069') in 0.0869253 seconds
Number of updated asset objects reloaded before import = 0Number of asset objects unloaded after import = 9

========================================================================
Received Import Request.
  Time since last request: 0.000082 seconds.
  path: Assets/Generic Aircraft Models/Prefabs/Parts/aircraft-pipe.prefab
  artifactKey: Guid(760c7b57243c965429ac1912f93f5cfc) Importer(815301076,1909f56bfc062723c751e8b465ee728b)
Start importing Assets/Generic Aircraft Models/Prefabs/Parts/aircraft-pipe.prefab using Guid(760c7b57243c965429ac1912f93f5cfc) Importer(815301076,1909f56bfc062723c751e8b465ee728b) (PreviewImporter) -> (artifact id: '2311ef3c01a8acabc647917464785c1c') in 0.0605536 seconds
Number of updated asset objects reloaded before import = 0Number of asset objects unloaded after import = 9

========================================================================
Received Import Request.
  Time since last request: 0.000031 seconds.
  path: Assets/Generic Aircraft Models/Prefabs/Parts/aircraft-roter_002.prefab
  artifactKey: Guid(97243ad9a31a53749aada39be23028f7) Importer(815301076,1909f56bfc062723c751e8b465ee728b)
Start importing Assets/Generic Aircraft Models/Prefabs/Parts/aircraft-roter_002.prefab using Guid(97243ad9a31a53749aada39be23028f7) Importer(815301076,1909f56bfc062723c751e8b465ee728b) (PreviewImporter) -> (artifact id: '4d7739d1e3289578fbfc38beebef41e0') in 0.0456553 seconds
Number of updated asset objects reloaded before import = 0Number of asset objects unloaded after import = 9

========================================================================
Received Import Request.
  Time since last request: 0.000052 seconds.
  path: Assets/Generic Aircraft Models/Prefabs/Parts/aircraft-roter_001.prefab
  artifactKey: Guid(35f5f64560203294db2983a4a88845c3) Importer(815301076,1909f56bfc062723c751e8b465ee728b)
Start importing Assets/Generic Aircraft Models/Prefabs/Parts/aircraft-roter_001.prefab using Guid(35f5f64560203294db2983a4a88845c3) Importer(815301076,1909f56bfc062723c751e8b465ee728b) (PreviewImporter) -> (artifact id: '619295ae353c0cfe09d8cb1d8698b750') in 0.0467145 seconds
Number of updated asset objects reloaded before import = 0Number of asset objects unloaded after import = 9

========================================================================
Received Import Request.
  Time since last request: 0.000053 seconds.
  path: Assets/Generic Aircraft Models/Prefabs/Parts/aircraft-wheel.prefab
  artifactKey: Guid(3bbe0441c91357148b0502c45e8a82b0) Importer(815301076,1909f56bfc062723c751e8b465ee728b)
Start importing Assets/Generic Aircraft Models/Prefabs/Parts/aircraft-wheel.prefab using Guid(3bbe0441c91357148b0502c45e8a82b0) Importer(815301076,1909f56bfc062723c751e8b465ee728b) (PreviewImporter) -> (artifact id: '81edb01542ad9266f85d78257725365e') in 0.0479104 seconds
Number of updated asset objects reloaded before import = 0Number of asset objects unloaded after import = 9

========================================================================
Received Import Request.
  Time since last request: 0.000045 seconds.
  path: Assets/Generic Aircraft Models/Prefabs/Parts/aircraft-weapon_001.prefab
  artifactKey: Guid(6353afdb42132bf4982fe982a258d0a6) Importer(815301076,1909f56bfc062723c751e8b465ee728b)
Start importing Assets/Generic Aircraft Models/Prefabs/Parts/aircraft-weapon_001.prefab using Guid(6353afdb42132bf4982fe982a258d0a6) Importer(815301076,1909f56bfc062723c751e8b465ee728b) (PreviewImporter) -> (artifact id: 'c9d11f7de2d7957906512fc53ea6a0ee') in 0.0461816 seconds
Number of updated asset objects reloaded before import = 0Number of asset objects unloaded after import = 9

========================================================================
Received Import Request.
  Time since last request: 172.316365 seconds.
  path: Assets/Generic Aircraft Models/Prefabs/Parts/aircraft-k-door.prefab
  artifactKey: Guid(7573a6eeff873224d9bb5275dbdd8106) Importer(815301076,1909f56bfc062723c751e8b465ee728b)
Start importing Assets/Generic Aircraft Models/Prefabs/Parts/aircraft-k-door.prefab using Guid(7573a6eeff873224d9bb5275dbdd8106) Importer(815301076,1909f56bfc062723c751e8b465ee728b) (PreviewImporter) -> (artifact id: '21f2187599d4f788336746750c8244a7') in 0.0406886 seconds
Number of updated asset objects reloaded before import = 0Number of asset objects unloaded after import = 9

========================================================================
Received Import Request.
  Time since last request: 0.000053 seconds.
  path: Assets/Generic Aircraft Models/Prefabs/Parts/aircraft-pipe.prefab
  artifactKey: Guid(760c7b57243c965429ac1912f93f5cfc) Importer(815301076,1909f56bfc062723c751e8b465ee728b)
Start importing Assets/Generic Aircraft Models/Prefabs/Parts/aircraft-pipe.prefab using Guid(760c7b57243c965429ac1912f93f5cfc) Importer(815301076,1909f56bfc062723c751e8b465ee728b) (PreviewImporter) -> (artifact id: 'b88a079cb37b3f842851ee1d7f730e33') in 0.0655044 seconds
Number of updated asset objects reloaded before import = 0Number of asset objects unloaded after import = 9

========================================================================
Received Import Request.
  Time since last request: 0.000061 seconds.
  path: Assets/Generic Aircraft Models/Prefabs/Parts/aircraft-roter_002.prefab
  artifactKey: Guid(97243ad9a31a53749aada39be23028f7) Importer(815301076,1909f56bfc062723c751e8b465ee728b)
Start importing Assets/Generic Aircraft Models/Prefabs/Parts/aircraft-roter_002.prefab using Guid(97243ad9a31a53749aada39be23028f7) Importer(815301076,1909f56bfc062723c751e8b465ee728b) (PreviewImporter) -> (artifact id: '5ba2e43b2a64e83a12c4cfb9a7273edc') in 0.0273934 seconds
Number of updated asset objects reloaded before import = 0Number of asset objects unloaded after import = 9

========================================================================
Received Import Request.
  Time since last request: 0.000051 seconds.
  path: Assets/Generic Aircraft Models/Prefabs/Parts/aircraft-roter_001.prefab
  artifactKey: Guid(35f5f64560203294db2983a4a88845c3) Importer(815301076,1909f56bfc062723c751e8b465ee728b)
Start importing Assets/Generic Aircraft Models/Prefabs/Parts/aircraft-roter_001.prefab using Guid(35f5f64560203294db2983a4a88845c3) Importer(815301076,1909f56bfc062723c751e8b465ee728b) (PreviewImporter) -> (artifact id: 'c42f1b81c49abdd4a4bf815e6e9a4310') in 0.0207467 seconds
Number of updated asset objects reloaded before import = 0Number of asset objects unloaded after import = 9

========================================================================
Received Import Request.
  Time since last request: 0.000064 seconds.
  path: Assets/Generic Aircraft Models/Prefabs/Parts/aircraft-wheel.prefab
  artifactKey: Guid(3bbe0441c91357148b0502c45e8a82b0) Importer(815301076,1909f56bfc062723c751e8b465ee728b)
Start importing Assets/Generic Aircraft Models/Prefabs/Parts/aircraft-wheel.prefab using Guid(3bbe0441c91357148b0502c45e8a82b0) Importer(815301076,1909f56bfc062723c751e8b465ee728b) (PreviewImporter) -> (artifact id: '0dff759aa0061ddb74821420f7984e5a') in 0.0580415 seconds
Number of updated asset objects reloaded before import = 0Number of asset objects unloaded after import = 9

========================================================================
Received Import Request.
  Time since last request: 0.000037 seconds.
  path: Assets/Generic Aircraft Models/Art/Materials/Mat-1.mat
  artifactKey: Guid(df938a229a3dd8849a7a5590ad15f613) Importer(2089858483,192608db42251d675da83286b1cce702)
Start importing Assets/Generic Aircraft Models/Art/Materials/Mat-1.mat using Guid(df938a229a3dd8849a7a5590ad15f613) Importer(2089858483,192608db42251d675da83286b1cce702) (ScriptedImporter) -> (artifact id: '2d8a2bb2a33d731d3caaa5c971ebcb64') in 0.0474224 seconds
Number of updated asset objects reloaded before import = 0Number of asset objects unloaded after import = 2

========================================================================
Received Prepare
Refreshing native plugins compatible for Editor in 131.28 ms, found 3 plugins.
Preloading 0 native plugins for Editor in 0.00 ms.
Unloading 13 Unused Serialized files (Serialized files now loaded: 0)
Unloading 6154 unused Assets / (2.4 MB). Loaded Objects now: 7037.
Memory consumption went from 148.0 MB to 145.6 MB.
Total: 17.255100 ms (FindLiveObjects: 0.804800 ms CreateObjectMapping: 0.357200 ms MarkObjects: 13.561900 ms  DeleteObjects: 2.528300 ms)

Prepare: number of updated asset objects reloaded= 0
========================================================================
Received Import Request.
  Time since last request: 16.082415 seconds.
  path: Assets/Scripts/Aircraft.cs
  artifactKey: Guid(4f5f769d3f4ff6b43b2ee2312b8b8ea3) Importer(815301076,1909f56bfc062723c751e8b465ee728b)
Start importing Assets/Scripts/Aircraft.cs using Guid(4f5f769d3f4ff6b43b2ee2312b8b8ea3) Importer(815301076,1909f56bfc062723c751e8b465ee728b) (PreviewImporter) -> (artifact id: 'b928ca22be92f115f7d3d4f925df34c3') in 0.0015106 seconds
Number of updated asset objects reloaded before import = 0Number of asset objects unloaded after import = 0

========================================================================
Received Prepare
Refreshing native plugins compatible for Editor in 6.46 ms, found 3 plugins.
Preloading 0 native plugins for Editor in 0.00 ms.
Unloading 13 Unused Serialized files (Serialized files now loaded: 0)
Unloading 6153 unused Assets / (3.4 MB). Loaded Objects now: 7037.
Memory consumption went from 148.0 MB to 144.6 MB.
Total: 18.584000 ms (FindLiveObjects: 0.947700 ms CreateObjectMapping: 0.770100 ms MarkObjects: 13.514000 ms  DeleteObjects: 3.348300 ms)

Prepare: number of updated asset objects reloaded= 0
========================================================================
Received Prepare
Refreshing native plugins compatible for Editor in 8.07 ms, found 3 plugins.
Preloading 0 native plugins for Editor in 0.00 ms.
Unloading 13 Unused Serialized files (Serialized files now loaded: 0)
Unloading 6153 unused Assets / (4.2 MB). Loaded Objects now: 7037.
Memory consumption went from 149.8 MB to 145.7 MB.
Total: 37.920800 ms (FindLiveObjects: 2.451000 ms CreateObjectMapping: 2.032900 ms MarkObjects: 17.439400 ms  DeleteObjects: 15.993600 ms)

Prepare: number of updated asset objects reloaded= 0
Editor requested this worker to shutdown with reason: Scaling down because of idle timeout
AssetImportWorker is now disconnected from the server
Process exiting
Exiting without the bug reporter. Application will terminate with return code 0